Ruta consultada: /joyas/?limits=2&page=1&order_by=stock_ASC - Método: GET - Fecha: 2024-12-12T23:00:49.037Z
Ruta consultada: /joyas/?limits=2&page=1&order_by=stock_ASC - Método: GET - Fecha: 2024-12-12T23:01:03.023Z
Ruta consultada: /joyas/?limits=2&page=1&order_by=stock_ASC - Método: GET - Fecha: 2024-12-12T23:01:03.701Z
Ruta consultada: /joyas/?limits=2&page=1&order_by=stock_ASC - Método: GET - Fecha: 2024-12-13T22:05:11.941Z
Ruta consultada: /joyas/?limits=2&page=1&order_by=stock_ASC - Método: GET - Fecha: 2024-12-13T22:06:10.261Z
Ruta consultada: /joyas/filtros/ - Método: GET - Fecha: 2024-12-13T22:25:30.174Z
Ruta consultada: /joyas/filtros/ - Método: GET - Fecha: 2024-12-13T22:26:15.752Z
Ruta consultada: /joyas/filtros/ - Método: GET - Fecha: 2024-12-13T22:26:35.998Z
Ruta consultada: /joyas/filtros/?precio_min=12000 - Método: GET - Fecha: 2024-12-13T22:27:10.008Z
Ruta consultada: /joyas/filtros/?precio_min=35000 - Método: GET - Fecha: 2024-12-13T22:27:22.961Z
Ruta consultada: /joyas/filtros/ - Método: GET - Fecha: 2024-12-13T22:27:47.836Z
Ruta consultada: /joyas/filtros/?precio_min=30000 - Método: GET - Fecha: 2024-12-13T22:27:57.054Z
Ruta consultada: /joyas/filtros/?precio_max=30000 - Método: GET - Fecha: 2024-12-13T22:28:03.793Z
Ruta consultada: /joyas/filtros/?precio_max=15000 - Método: GET - Fecha: 2024-12-13T22:28:13.909Z
Ruta consultada: /joyas/filtros/?precio_max=15000&precio_min=15000 - Método: GET - Fecha: 2024-12-13T22:28:48.911Z
Ruta consultada: /joyas/filtros/?precio_max=30000&precio_min=25000 - Método: GET - Fecha: 2024-12-13T22:29:07.523Z
Ruta consultada: /joyas/filtros/?precio_max=30000&precio_min=25000&categoria=aros - Método: GET - Fecha: 2024-12-13T22:29:25.826Z
Ruta consultada: /joyas/filtros/?precio_max=30000&precio_min=25000&categoria=aros&metal=plata - Método: GET - Fecha: 2024-12-13T22:29:44.782Z
Ruta consultada: /joyas/?limits=2&page=1&order_by=stock_ASC - Método: GET - Fecha: 2024-12-13T22:33:20.075Z
Ruta consultada: /joyas/ - Método: GET - Fecha: 2024-12-13T22:33:33.699Z
Ruta consultada: /joyas/?limits=2&page=1&order_by=stock_ASC - Método: GET - Fecha: 2024-12-13T22:33:40.038Z
Ruta consultada: /joyas/?limits=2&page=2&order_by=stock_ASC - Método: GET - Fecha: 2024-12-13T22:33:49.955Z
Ruta consultada: /joyas/?limits=2&page=3&order_by=stock_ASC - Método: GET - Fecha: 2024-12-13T22:33:53.585Z
Ruta consultada: /joyas/?limits=2&page=4&order_by=stock_ASC - Método: GET - Fecha: 2024-12-13T22:33:56.120Z
Ruta consultada: /joyas/?limits=2&page=3&order_by=stock_ASC - Método: GET - Fecha: 2024-12-13T22:34:00.590Z
Ruta consultada: /joyas/filtros/?precio_max=30000&precio_min=25000&categoria=aros&metal=plata - Método: GET - Fecha: 2024-12-13T22:34:04.305Z
Ruta consultada: /joyas/filtros/ - Método: GET - Fecha: 2024-12-13T22:34:12.968Z
Ruta consultada: /joyas/filtros/?precio_max=30000&precio_min=25000&categoria=aros&metal=plata - Método: GET - Fecha: 2024-12-13T22:34:17.634Z
